2021-04-17 15:15:53.827 [restartedMain] INFO  com.glch.WxServApplication[50]-[] -Starting WxServApplication on MS-QENFPQRDNSFR with PID 4820 (E:\zzl\java\project\projectTemplate\target\classes started by Administrator in E:\zzl\java\project\projectTemplate)
2021-04-17 15:15:53.834 [restartedMain] INFO  com.glch.WxServApplication[666]-[] -The following profiles are active: wx_serv,dev
2021-04-17 15:15:53.907 [restartedMain] INFO  o.s.b.w.s.c.AnnotationConfigServletWebServerApplicationContext[590]-[] -Refreshing org.springframework.boot.web.servlet.context.AnnotationConfigServletWebServerApplicationContext@12e02608: startup date [Sat Apr 17 15:15:53 CST 2021]; root of context hierarchy
2021-04-17 15:15:56.181 [restartedMain] INFO  o.s.d.r.c.RepositoryConfigurationDelegate[163]-[] -Multiple Spring Data modules found, entering strict repository configuration mode!
2021-04-17 15:15:56.691 [restartedMain] INFO  o.s.b.f.a.AutowiredAnnotationBeanPostProcessor[153]-[] -JSR-330 'javax.inject.Inject' annotation found and supported for autowiring
2021-04-17 15:15:56.938 [restartedMain] INFO  o.s.c.s.PostProcessorRegistrationDelegate$BeanPostProcessorChecker[326]-[] -Bean 'org.springframework.transaction.annotation.ProxyTransactionManagementConfiguration' of type [org.springframework.transaction.annotation.ProxyTransactionManagementConfiguration$$EnhancerBySpringCGLIB$$d6fb2191] is not eligible for getting processed by all BeanPostProcessors (for example: not eligible for auto-proxying)
2021-04-17 15:15:58.215 [restartedMain] INFO  o.s.b.w.e.tomcat.TomcatWebServer[91]-[] -Tomcat initialized with port(s): 9089 (http)
2021-04-17 15:15:58.234 [restartedMain] INFO  o.a.coyote.http11.Http11NioProtocol[180]-[] -Initializing ProtocolHandler ["http-nio-9089"]
2021-04-17 15:15:58.252 [restartedMain] INFO  o.a.catalina.core.StandardService[180]-[] -Starting service [Tomcat]
2021-04-17 15:15:58.253 [restartedMain] INFO  o.a.catalina.core.StandardEngine[180]-[] -Starting Servlet Engine: Apache Tomcat/8.5.32
2021-04-17 15:15:58.258 [localhost-startStop-1] INFO  o.a.c.core.AprLifecycleListener[180]-[] -The APR based Apache Tomcat Native library which allows optimal performance in production environments was not found on the java.library.path: [D:\java\jdk\bin;C:\Windows\Sun\Java\bin;C:\Windows\system32;C:\Windows;D:\mysoft\bin\;C:\Windows\system32;C:\Windows;C:\Windows\System32\Wbem;C:\Windows\System32\WindowsPowerShell\v1.0\;C:\Windows\System32\OpenSSH\;D:\mysoft\Git\cmd;C:\Users\Administrator\AppData\Local\Microsoft\WindowsApps;;D:\mysoft;.]
2021-04-17 15:15:58.506 [localhost-startStop-1] INFO  o.a.c.c.C.[Tomcat].[localhost].[/][180]-[] -Initializing Spring embedded WebApplicationContext
2021-04-17 15:15:58.506 [localhost-startStop-1] INFO  o.s.web.context.ContextLoader[285]-[] -Root WebApplicationContext: initialization completed in 4599 ms
2021-04-17 15:15:58.746 [localhost-startStop-1] INFO  o.s.b.w.s.ServletRegistrationBean[187]-[] -Servlet dispatcherServlet mapped to [/]
2021-04-17 15:15:58.754 [localhost-startStop-1] INFO  o.s.b.w.s.FilterRegistrationBean[245]-[] -Mapping filter: 'characterEncodingFilter' to: [/*]
2021-04-17 15:15:58.755 [localhost-startStop-1] INFO  o.s.b.w.s.FilterRegistrationBean[245]-[] -Mapping filter: 'hiddenHttpMethodFilter' to: [/*]
2021-04-17 15:15:58.755 [localhost-startStop-1] INFO  o.s.b.w.s.FilterRegistrationBean[245]-[] -Mapping filter: 'httpPutFormContentFilter' to: [/*]
2021-04-17 15:15:58.755 [localhost-startStop-1] INFO  o.s.b.w.s.FilterRegistrationBean[245]-[] -Mapping filter: 'requestContextFilter' to: [/*]
2021-04-17 15:16:20.950 [restartedMain] ERROR c.alibaba.druid.pool.DruidDataSource[922]-[] -init datasource error, url: jdbc:mysql://120.24.149.172:3309/test
com.mysql.jdbc.exceptions.jdbc4.CommunicationsException: Communications link failure

The last packet sent successfully to the server was 0 milliseconds ago. The driver has not received any packets from the server.
	at sun.reflect.NativeConstructorAccessorImpl.newInstance0(Native Method)
	at sun.reflect.NativeConstructorAccessorImpl.newInstance(NativeConstructorAccessorImpl.java:62)
	at sun.reflect.DelegatingConstructorAccessorImpl.newInstance(DelegatingConstructorAccessorImpl.java:45)
	at java.lang.reflect.Constructor.newInstance(Constructor.java:423)
	at com.mysql.jdbc.Util.handleNewInstance(Util.java:425)
	at com.mysql.jdbc.SQLError.createCommunicationsException(SQLError.java:990)
	at com.mysql.jdbc.MysqlIO.<init>(MysqlIO.java:342)
	at com.mysql.jdbc.ConnectionImpl.coreConnect(ConnectionImpl.java:2188)
	at com.mysql.jdbc.ConnectionImpl.connectOneTryOnly(ConnectionImpl.java:2221)
	at com.mysql.jdbc.ConnectionImpl.createNewIO(ConnectionImpl.java:2016)
	at com.mysql.jdbc.ConnectionImpl.<init>(ConnectionImpl.java:776)
	at com.mysql.jdbc.JDBC4Connection.<init>(JDBC4Connection.java:47)
	at sun.reflect.NativeConstructorAccessorImpl.newInstance0(Native Method)
	at sun.reflect.NativeConstructorAccessorImpl.newInstance(NativeConstructorAccessorImpl.java:62)
	at sun.reflect.DelegatingConstructorAccessorImpl.newInstance(DelegatingConstructorAccessorImpl.java:45)
	at java.lang.reflect.Constructor.newInstance(Constructor.java:423)
	at com.mysql.jdbc.Util.handleNewInstance(Util.java:425)
	at com.mysql.jdbc.ConnectionImpl.getInstance(ConnectionImpl.java:386)
	at com.mysql.jdbc.NonRegisteringDriver.connect(NonRegisteringDriver.java:330)
	at com.alibaba.druid.pool.DruidAbstractDataSource.createPhysicalConnection(DruidAbstractDataSource.java:1578)
	at com.alibaba.druid.pool.DruidAbstractDataSource.createPhysicalConnection(DruidAbstractDataSource.java:1644)
	at com.alibaba.druid.pool.DruidDataSource.init(DruidDataSource.java:918)
	at com.alibaba.druid.pool.DruidDataSource.getConnection(DruidDataSource.java:1300)
	at com.alibaba.druid.pool.DruidDataSource.getConnection(DruidDataSource.java:1296)
	at com.alibaba.druid.pool.DruidDataSource.getConnection(DruidDataSource.java:109)
	at com.baomidou.mybatisplus.toolkit.GlobalConfigUtils.setMetaData(GlobalConfigUtils.java:187)
	at com.baomidou.mybatisplus.spring.MybatisSqlSessionFactoryBean.buildSqlSessionFactory(MybatisSqlSessionFactoryBean.java:560)
	at com.baomidou.mybatisplus.spring.MybatisSqlSessionFactoryBean.afterPropertiesSet(MybatisSqlSessionFactoryBean.java:385)
	at com.baomidou.mybatisplus.spring.MybatisSqlSessionFactoryBean.getObject(MybatisSqlSessionFactoryBean.java:608)
	at com.baomidou.mybatisplus.spring.boot.starter.MybatisPlusAutoConfiguration.sqlSessionFactory(MybatisPlusAutoConfiguration.java:147)
	at com.baomidou.mybatisplus.spring.boot.starter.MybatisPlusAutoConfiguration$$EnhancerBySpringCGLIB$$249abfee.CGLIB$sqlSessionFactory$0(<generated>)
	at com.baomidou.mybatisplus.spring.boot.starter.MybatisPlusAutoConfiguration$$EnhancerBySpringCGLIB$$249abfee$$FastClassBySpringCGLIB$$69e3cf2f.invoke(<generated>)
	at org.springframework.cglib.proxy.MethodProxy.invokeSuper(MethodProxy.java:228)
	at org.springframework.context.annotation.ConfigurationClassEnhancer$BeanMethodInterceptor.intercept(ConfigurationClassEnhancer.java:361)
	at com.baomidou.mybatisplus.spring.boot.starter.MybatisPlusAutoConfiguration$$EnhancerBySpringCGLIB$$249abfee.sqlSessionFactory(<generated>)
	at sun.reflect.NativeMethodAccessorImpl.invoke0(Native Method)
	at sun.reflect.NativeMethodAccessorImpl.invoke(NativeMethodAccessorImpl.java:62)
	at sun.reflect.DelegatingMethodAccessorImpl.invoke(DelegatingMethodAccessorImpl.java:43)
	at java.lang.reflect.Method.invoke(Method.java:498)
	at org.springframework.beans.factory.support.SimpleInstantiationStrategy.instantiate(SimpleInstantiationStrategy.java:154)
	at org.springframework.beans.factory.support.ConstructorResolver.instantiateUsingFactoryMethod(ConstructorResolver.java:582)
	at org.springframework.beans.factory.support.AbstractAutowireCapableBeanFactory.instantiateUsingFactoryMethod(AbstractAutowireCapableBeanFactory.java:1247)
	at org.springframework.beans.factory.support.AbstractAutowireCapableBeanFactory.createBeanInstance(AbstractAutowireCapableBeanFactory.java:1096)
	at org.springframework.beans.factory.support.AbstractAutowireCapableBeanFactory.doCreateBean(AbstractAutowireCapableBeanFactory.java:535)
	at org.springframework.beans.factory.support.AbstractAutowireCapableBeanFactory.createBean(AbstractAutowireCapableBeanFactory.java:495)
	at org.springframework.beans.factory.support.AbstractBeanFactory.lambda$doGetBean$0(AbstractBeanFactory.java:317)
	at org.springframework.beans.factory.support.DefaultSingletonBeanRegistry.getSingleton(DefaultSingletonBeanRegistry.java:222)
	at org.springframework.beans.factory.support.AbstractBeanFactory.doGetBean(AbstractBeanFactory.java:315)
	at org.springframework.beans.factory.support.AbstractBeanFactory.getBean(AbstractBeanFactory.java:199)
	at org.springframework.beans.factory.config.DependencyDescriptor.resolveCandidate(DependencyDescriptor.java:251)
	at org.springframework.beans.factory.support.DefaultListableBeanFactory.doResolveDependency(DefaultListableBeanFactory.java:1135)
	at org.springframework.beans.factory.support.DefaultListableBeanFactory.resolveDependency(DefaultListableBeanFactory.java:1062)
	at org.springframework.beans.factory.support.AbstractAutowireCapableBeanFactory.autowireByType(AbstractAutowireCapableBeanFactory.java:1421)
	at org.springframework.beans.factory.support.AbstractAutowireCapableBeanFactory.populateBean(AbstractAutowireCapableBeanFactory.java:1323)
	at org.springframework.beans.factory.support.AbstractAutowireCapableBeanFactory.doCreateBean(AbstractAutowireCapableBeanFactory.java:572)
	at org.springframework.beans.factory.support.AbstractAutowireCapableBeanFactory.createBean(AbstractAutowireCapableBeanFactory.java:495)
	at org.springframework.beans.factory.support.AbstractBeanFactory.lambda$doGetBean$0(AbstractBeanFactory.java:317)
	at org.springframework.beans.factory.support.DefaultSingletonBeanRegistry.getSingleton(DefaultSingletonBeanRegistry.java:222)
	at org.springframework.beans.factory.support.AbstractBeanFactory.doGetBean(AbstractBeanFactory.java:315)
	at org.springframework.beans.factory.support.AbstractBeanFactory.getBean(AbstractBeanFactory.java:199)
	at org.springframework.beans.factory.config.DependencyDescriptor.resolveCandidate(DependencyDescriptor.java:251)
	at org.springframework.beans.factory.support.DefaultListableBeanFactory.doResolveDependency(DefaultListableBeanFactory.java:1135)
	at org.springframework.beans.factory.support.DefaultListableBeanFactory.resolveDependency(DefaultListableBeanFactory.java:1062)
	at org.springframework.beans.factory.annotation.AutowiredAnnotationBeanPostProcessor$AutowiredFieldElement.inject(AutowiredAnnotationBeanPostProcessor.java:583)
	at org.springframework.beans.factory.annotation.InjectionMetadata.inject(InjectionMetadata.java:91)
	at org.springframework.beans.factory.annotation.AutowiredAnnotationBeanPostProcessor.postProcessPropertyValues(AutowiredAnnotationBeanPostProcessor.java:372)
	at org.springframework.beans.factory.support.AbstractAutowireCapableBeanFactory.populateBean(AbstractAutowireCapableBeanFactory.java:1341)
	at org.springframework.beans.factory.support.AbstractAutowireCapableBeanFactory.doCreateBean(AbstractAutowireCapableBeanFactory.java:572)
	at org.springframework.beans.factory.support.AbstractAutowireCapableBeanFactory.createBean(AbstractAutowireCapableBeanFactory.java:495)
	at org.springframework.beans.factory.support.AbstractBeanFactory.lambda$doGetBean$0(AbstractBeanFactory.java:317)
	at org.springframework.beans.factory.support.DefaultSingletonBeanRegistry.getSingleton(DefaultSingletonBeanRegistry.java:222)
	at org.springframework.beans.factory.support.AbstractBeanFactory.doGetBean(AbstractBeanFactory.java:315)
	at org.springframework.beans.factory.support.AbstractBeanFactory.getBean(AbstractBeanFactory.java:199)
	at org.springframework.beans.factory.config.DependencyDescriptor.resolveCandidate(DependencyDescriptor.java:251)
	at org.springframework.beans.factory.support.DefaultListableBeanFactory.doResolveDependency(DefaultListableBeanFactory.java:1135)
	at org.springframework.beans.factory.support.DefaultListableBeanFactory.resolveDependency(DefaultListableBeanFactory.java:1062)
	at org.springframework.beans.factory.annotation.AutowiredAnnotationBeanPostProcessor$AutowiredFieldElement.inject(AutowiredAnnotationBeanPostProcessor.java:583)
	at org.springframework.beans.factory.annotation.InjectionMetadata.inject(InjectionMetadata.java:91)
	at org.springframework.beans.factory.annotation.AutowiredAnnotationBeanPostProcessor.postProcessPropertyValues(AutowiredAnnotationBeanPostProcessor.java:372)
	at org.springframework.beans.factory.support.AbstractAutowireCapableBeanFactory.populateBean(AbstractAutowireCapableBeanFactory.java:1341)
	at org.springframework.beans.factory.support.AbstractAutowireCapableBeanFactory.doCreateBean(AbstractAutowireCapableBeanFactory.java:572)
	at org.springframework.beans.factory.support.AbstractAutowireCapableBeanFactory.createBean(AbstractAutowireCapableBeanFactory.java:495)
	at org.springframework.beans.factory.support.AbstractBeanFactory.lambda$doGetBean$0(AbstractBeanFactory.java:317)
	at org.springframework.beans.factory.support.DefaultSingletonBeanRegistry.getSingleton(DefaultSingletonBeanRegistry.java:222)
	at org.springframework.beans.factory.support.AbstractBeanFactory.doGetBean(AbstractBeanFactory.java:315)
	at org.springframework.beans.factory.support.AbstractBeanFactory.getBean(AbstractBeanFactory.java:199)
	at org.springframework.beans.factory.support.DefaultListableBeanFactory.preInstantiateSingletons(DefaultListableBeanFactory.java:759)
	at org.springframework.context.support.AbstractApplicationContext.finishBeanFactoryInitialization(AbstractApplicationContext.java:869)
	at org.springframework.context.support.AbstractApplicationContext.refresh(AbstractApplicationContext.java:550)
	at org.springframework.boot.web.servlet.context.ServletWebServerApplicationContext.refresh(ServletWebServerApplicationContext.java:140)
	at org.springframework.boot.SpringApplication.refresh(SpringApplication.java:762)
	at org.springframework.boot.SpringApplication.refreshContext(SpringApplication.java:398)
	at org.springframework.boot.SpringApplication.run(SpringApplication.java:330)
	at org.springframework.boot.SpringApplication.run(SpringApplication.java:1258)
	at org.springframework.boot.SpringApplication.run(SpringApplication.java:1246)
	at com.glch.WxServApplication.main(WxServApplication.java:12)
	at sun.reflect.NativeMethodAccessorImpl.invoke0(Native Method)
	at sun.reflect.NativeMethodAccessorImpl.invoke(NativeMethodAccessorImpl.java:62)
	at sun.reflect.DelegatingMethodAccessorImpl.invoke(DelegatingMethodAccessorImpl.java:43)
	at java.lang.reflect.Method.invoke(Method.java:498)
	at org.springframework.boot.devtools.restart.RestartLauncher.run(RestartLauncher.java:49)
Caused by: java.net.ConnectException: Connection timed out: connect
	at java.net.DualStackPlainSocketImpl.connect0(Native Method)
	at java.net.DualStackPlainSocketImpl.socketConnect(DualStackPlainSocketImpl.java:75)
	at java.net.AbstractPlainSocketImpl.doConnect(AbstractPlainSocketImpl.java:476)
	at java.net.AbstractPlainSocketImpl.connectToAddress(AbstractPlainSocketImpl.java:218)
	at java.net.AbstractPlainSocketImpl.connect(AbstractPlainSocketImpl.java:200)
	at java.net.PlainSocketImpl.connect(PlainSocketImpl.java:162)
	at java.net.SocksSocketImpl.connect(SocksSocketImpl.java:394)
	at java.net.Socket.connect(Socket.java:606)
	at com.mysql.jdbc.StandardSocketFactory.connect(StandardSocketFactory.java:211)
	at com.mysql.jdbc.MysqlIO.<init>(MysqlIO.java:301)
	... 94 common frames omitted
2021-04-17 15:16:20.963 [restartedMain] ERROR c.alibaba.druid.pool.DruidDataSource[966]-[] -{dataSource-1} init error
com.mysql.jdbc.exceptions.jdbc4.CommunicationsException: Communications link failure

The last packet sent successfully to the server was 0 milliseconds ago. The driver has not received any packets from the server.
	at sun.reflect.NativeConstructorAccessorImpl.newInstance0(Native Method)
	at sun.reflect.NativeConstructorAccessorImpl.newInstance(NativeConstructorAccessorImpl.java:62)
	at sun.reflect.DelegatingConstructorAccessorImpl.newInstance(DelegatingConstructorAccessorImpl.java:45)
	at java.lang.reflect.Constructor.newInstance(Constructor.java:423)
	at com.mysql.jdbc.Util.handleNewInstance(Util.java:425)
	at com.mysql.jdbc.SQLError.createCommunicationsException(SQLError.java:990)
	at com.mysql.jdbc.MysqlIO.<init>(MysqlIO.java:342)
	at com.mysql.jdbc.ConnectionImpl.coreConnect(ConnectionImpl.java:2188)
	at com.mysql.jdbc.ConnectionImpl.connectOneTryOnly(ConnectionImpl.java:2221)
	at com.mysql.jdbc.ConnectionImpl.createNewIO(ConnectionImpl.java:2016)
	at com.mysql.jdbc.ConnectionImpl.<init>(ConnectionImpl.java:776)
	at com.mysql.jdbc.JDBC4Connection.<init>(JDBC4Connection.java:47)
	at sun.reflect.NativeConstructorAccessorImpl.newInstance0(Native Method)
	at sun.reflect.NativeConstructorAccessorImpl.newInstance(NativeConstructorAccessorImpl.java:62)
	at sun.reflect.DelegatingConstructorAccessorImpl.newInstance(DelegatingConstructorAccessorImpl.java:45)
	at java.lang.reflect.Constructor.newInstance(Constructor.java:423)
	at com.mysql.jdbc.Util.handleNewInstance(Util.java:425)
	at com.mysql.jdbc.ConnectionImpl.getInstance(ConnectionImpl.java:386)
	at com.mysql.jdbc.NonRegisteringDriver.connect(NonRegisteringDriver.java:330)
	at com.alibaba.druid.pool.DruidAbstractDataSource.createPhysicalConnection(DruidAbstractDataSource.java:1578)
	at com.alibaba.druid.pool.DruidAbstractDataSource.createPhysicalConnection(DruidAbstractDataSource.java:1644)
	at com.alibaba.druid.pool.DruidDataSource.init(DruidDataSource.java:918)
	at com.alibaba.druid.pool.DruidDataSource.getConnection(DruidDataSource.java:1300)
	at com.alibaba.druid.pool.DruidDataSource.getConnection(DruidDataSource.java:1296)
	at com.alibaba.druid.pool.DruidDataSource.getConnection(DruidDataSource.java:109)
	at com.baomidou.mybatisplus.toolkit.GlobalConfigUtils.setMetaData(GlobalConfigUtils.java:187)
	at com.baomidou.mybatisplus.spring.MybatisSqlSessionFactoryBean.buildSqlSessionFactory(MybatisSqlSessionFactoryBean.java:560)
	at com.baomidou.mybatisplus.spring.MybatisSqlSessionFactoryBean.afterPropertiesSet(MybatisSqlSessionFactoryBean.java:385)
	at com.baomidou.mybatisplus.spring.MybatisSqlSessionFactoryBean.getObject(MybatisSqlSessionFactoryBean.java:608)
	at com.baomidou.mybatisplus.spring.boot.starter.MybatisPlusAutoConfiguration.sqlSessionFactory(MybatisPlusAutoConfiguration.java:147)
	at com.baomidou.mybatisplus.spring.boot.starter.MybatisPlusAutoConfiguration$$EnhancerBySpringCGLIB$$249abfee.CGLIB$sqlSessionFactory$0(<generated>)
	at com.baomidou.mybatisplus.spring.boot.starter.MybatisPlusAutoConfiguration$$EnhancerBySpringCGLIB$$249abfee$$FastClassBySpringCGLIB$$69e3cf2f.invoke(<generated>)
	at org.springframework.cglib.proxy.MethodProxy.invokeSuper(MethodProxy.java:228)
	at org.springframework.context.annotation.ConfigurationClassEnhancer$BeanMethodInterceptor.intercept(ConfigurationClassEnhancer.java:361)
	at com.baomidou.mybatisplus.spring.boot.starter.MybatisPlusAutoConfiguration$$EnhancerBySpringCGLIB$$249abfee.sqlSessionFactory(<generated>)
	at sun.reflect.NativeMethodAccessorImpl.invoke0(Native Method)
	at sun.reflect.NativeMethodAccessorImpl.invoke(NativeMethodAccessorImpl.java:62)
	at sun.reflect.DelegatingMethodAccessorImpl.invoke(DelegatingMethodAccessorImpl.java:43)
	at java.lang.reflect.Method.invoke(Method.java:498)
	at org.springframework.beans.factory.support.SimpleInstantiationStrategy.instantiate(SimpleInstantiationStrategy.java:154)
	at org.springframework.beans.factory.support.ConstructorResolver.instantiateUsingFactoryMethod(ConstructorResolver.java:582)
	at org.springframework.beans.factory.support.AbstractAutowireCapableBeanFactory.instantiateUsingFactoryMethod(AbstractAutowireCapableBeanFactory.java:1247)
	at org.springframework.beans.factory.support.AbstractAutowireCapableBeanFactory.createBeanInstance(AbstractAutowireCapableBeanFactory.java:1096)
	at org.springframework.beans.factory.support.AbstractAutowireCapableBeanFactory.doCreateBean(AbstractAutowireCapableBeanFactory.java:535)
	at org.springframework.beans.factory.support.AbstractAutowireCapableBeanFactory.createBean(AbstractAutowireCapableBeanFactory.java:495)
	at org.springframework.beans.factory.support.AbstractBeanFactory.lambda$doGetBean$0(AbstractBeanFactory.java:317)
	at org.springframework.beans.factory.support.DefaultSingletonBeanRegistry.getSingleton(DefaultSingletonBeanRegistry.java:222)
	at org.springframework.beans.factory.support.AbstractBeanFactory.doGetBean(AbstractBeanFactory.java:315)
	at org.springframework.beans.factory.support.AbstractBeanFactory.getBean(AbstractBeanFactory.java:199)
	at org.springframework.beans.factory.config.DependencyDescriptor.resolveCandidate(DependencyDescriptor.java:251)
	at org.springframework.beans.factory.support.DefaultListableBeanFactory.doResolveDependency(DefaultListableBeanFactory.java:1135)
	at org.springframework.beans.factory.support.DefaultListableBeanFactory.resolveDependency(DefaultListableBeanFactory.java:1062)
	at org.springframework.beans.factory.support.AbstractAutowireCapableBeanFactory.autowireByType(AbstractAutowireCapableBeanFactory.java:1421)
	at org.springframework.beans.factory.support.AbstractAutowireCapableBeanFactory.populateBean(AbstractAutowireCapableBeanFactory.java:1323)
	at org.springframework.beans.factory.support.AbstractAutowireCapableBeanFactory.doCreateBean(AbstractAutowireCapableBeanFactory.java:572)
	at org.springframework.beans.factory.support.AbstractAutowireCapableBeanFactory.createBean(AbstractAutowireCapableBeanFactory.java:495)
	at org.springframework.beans.factory.support.AbstractBeanFactory.lambda$doGetBean$0(AbstractBeanFactory.java:317)
	at org.springframework.beans.factory.support.DefaultSingletonBeanRegistry.getSingleton(DefaultSingletonBeanRegistry.java:222)
	at org.springframework.beans.factory.support.AbstractBeanFactory.doGetBean(AbstractBeanFactory.java:315)
	at org.springframework.beans.factory.support.AbstractBeanFactory.getBean(AbstractBeanFactory.java:199)
	at org.springframework.beans.factory.config.DependencyDescriptor.resolveCandidate(DependencyDescriptor.java:251)
	at org.springframework.beans.factory.support.DefaultListableBeanFactory.doResolveDependency(DefaultListableBeanFactory.java:1135)
	at org.springframework.beans.factory.support.DefaultListableBeanFactory.resolveDependency(DefaultListableBeanFactory.java:1062)
	at org.springframework.beans.factory.annotation.AutowiredAnnotationBeanPostProcessor$AutowiredFieldElement.inject(AutowiredAnnotationBeanPostProcessor.java:583)
	at org.springframework.beans.factory.annotation.InjectionMetadata.inject(InjectionMetadata.java:91)
	at org.springframework.beans.factory.annotation.AutowiredAnnotationBeanPostProcessor.postProcessPropertyValues(AutowiredAnnotationBeanPostProcessor.java:372)
	at org.springframework.beans.factory.support.AbstractAutowireCapableBeanFactory.populateBean(AbstractAutowireCapableBeanFactory.java:1341)
	at org.springframework.beans.factory.support.AbstractAutowireCapableBeanFactory.doCreateBean(AbstractAutowireCapableBeanFactory.java:572)
	at org.springframework.beans.factory.support.AbstractAutowireCapableBeanFactory.createBean(AbstractAutowireCapableBeanFactory.java:495)
	at org.springframework.beans.factory.support.AbstractBeanFactory.lambda$doGetBean$0(AbstractBeanFactory.java:317)
	at org.springframework.beans.factory.support.DefaultSingletonBeanRegistry.getSingleton(DefaultSingletonBeanRegistry.java:222)
	at org.springframework.beans.factory.support.AbstractBeanFactory.doGetBean(AbstractBeanFactory.java:315)
	at org.springframework.beans.factory.support.AbstractBeanFactory.getBean(AbstractBeanFactory.java:199)
	at org.springframework.beans.factory.config.DependencyDescriptor.resolveCandidate(DependencyDescriptor.java:251)
	at org.springframework.beans.factory.support.DefaultListableBeanFactory.doResolveDependency(DefaultListableBeanFactory.java:1135)
	at org.springframework.beans.factory.support.DefaultListableBeanFactory.resolveDependency(DefaultListableBeanFactory.java:1062)
	at org.springframework.beans.factory.annotation.AutowiredAnnotationBeanPostProcessor$AutowiredFieldElement.inject(AutowiredAnnotationBeanPostProcessor.java:583)
	at org.springframework.beans.factory.annotation.InjectionMetadata.inject(InjectionMetadata.java:91)
	at org.springframework.beans.factory.annotation.AutowiredAnnotationBeanPostProcessor.postProcessPropertyValues(AutowiredAnnotationBeanPostProcessor.java:372)
	at org.springframework.beans.factory.support.AbstractAutowireCapableBeanFactory.populateBean(AbstractAutowireCapableBeanFactory.java:1341)
	at org.springframework.beans.factory.support.AbstractAutowireCapableBeanFactory.doCreateBean(AbstractAutowireCapableBeanFactory.java:572)
	at org.springframework.beans.factory.support.AbstractAutowireCapableBeanFactory.createBean(AbstractAutowireCapableBeanFactory.java:495)
	at org.springframework.beans.factory.support.AbstractBeanFactory.lambda$doGetBean$0(AbstractBeanFactory.java:317)
	at org.springframework.beans.factory.support.DefaultSingletonBeanRegistry.getSingleton(DefaultSingletonBeanRegistry.java:222)
	at org.springframework.beans.factory.support.AbstractBeanFactory.doGetBean(AbstractBeanFactory.java:315)
	at org.springframework.beans.factory.support.AbstractBeanFactory.getBean(AbstractBeanFactory.java:199)
	at org.springframework.beans.factory.support.DefaultListableBeanFactory.preInstantiateSingletons(DefaultListableBeanFactory.java:759)
	at org.springframework.context.support.AbstractApplicationContext.finishBeanFactoryInitialization(AbstractApplicationContext.java:869)
	at org.springframework.context.support.AbstractApplicationContext.refresh(AbstractApplicationContext.java:550)
	at org.springframework.boot.web.servlet.context.ServletWebServerApplicationContext.refresh(ServletWebServerApplicationContext.java:140)
	at org.springframework.boot.SpringApplication.refresh(SpringApplication.java:762)
	at org.springframework.boot.SpringApplication.refreshContext(SpringApplication.java:398)
	at org.springframework.boot.SpringApplication.run(SpringApplication.java:330)
	at org.springframework.boot.SpringApplication.run(SpringApplication.java:1258)
	at org.springframework.boot.SpringApplication.run(SpringApplication.java:1246)
	at com.glch.WxServApplication.main(WxServApplication.java:12)
	at sun.reflect.NativeMethodAccessorImpl.invoke0(Native Method)
	at sun.reflect.NativeMethodAccessorImpl.invoke(NativeMethodAccessorImpl.java:62)
	at sun.reflect.DelegatingMethodAccessorImpl.invoke(DelegatingMethodAccessorImpl.java:43)
	at java.lang.reflect.Method.invoke(Method.java:498)
	at org.springframework.boot.devtools.restart.RestartLauncher.run(RestartLauncher.java:49)
Caused by: java.net.ConnectException: Connection timed out: connect
	at java.net.DualStackPlainSocketImpl.connect0(Native Method)
	at java.net.DualStackPlainSocketImpl.socketConnect(DualStackPlainSocketImpl.java:75)
	at java.net.AbstractPlainSocketImpl.doConnect(AbstractPlainSocketImpl.java:476)
	at java.net.AbstractPlainSocketImpl.connectToAddress(AbstractPlainSocketImpl.java:218)
	at java.net.AbstractPlainSocketImpl.connect(AbstractPlainSocketImpl.java:200)
	at java.net.PlainSocketImpl.connect(PlainSocketImpl.java:162)
	at java.net.SocksSocketImpl.connect(SocksSocketImpl.java:394)
	at java.net.Socket.connect(Socket.java:606)
	at com.mysql.jdbc.StandardSocketFactory.connect(StandardSocketFactory.java:211)
	at com.mysql.jdbc.MysqlIO.<init>(MysqlIO.java:301)
	... 94 common frames omitted
2021-04-17 15:16:20.964 [restartedMain] INFO  c.alibaba.druid.pool.DruidDataSource[991]-[] -{dataSource-1} inited
2021-04-17 15:16:20.971 [restartedMain] WARN  o.s.b.w.s.c.AnnotationConfigServletWebServerApplicationContext[558]-[] -Exception encountered during context initialization - cancelling refresh attempt: org.springframework.beans.factory.UnsatisfiedDependencyException: Error creating bean with name 'redisKeyExpirationListener': Unsatisfied dependency expressed through field 'loginService'; nested exception is org.springframework.beans.factory.UnsatisfiedDependencyException: Error creating bean with name 'loginServiceImpl': Unsatisfied dependency expressed through field 'userMapper'; nested exception is org.springframework.beans.factory.UnsatisfiedDependencyException: Error creating bean with name 'userMapper' defined in file [E:\zzl\java\project\projectTemplate\target\classes\com\glch\system\user\mapper\UserMapper.class]: Unsatisfied dependency expressed through bean property 'sqlSessionFactory'; nested exception is org.springframework.beans.factory.BeanCreationException: Error creating bean with name 'sqlSessionFactory' defined in class path resource [com/baomidou/mybatisplus/spring/boot/starter/MybatisPlusAutoConfiguration.class]: Bean instantiation via factory method failed; nested exception is org.springframework.beans.BeanInstantiationException: Failed to instantiate [org.apache.ibatis.session.SqlSessionFactory]: Factory method 'sqlSessionFactory' threw exception; nested exception is com.baomidou.mybatisplus.exceptions.MybatisPlusException: Error: GlobalConfigUtils setMetaData Fail !  Cause:com.mysql.jdbc.exceptions.jdbc4.CommunicationsException: Communications link failure

The last packet sent successfully to the server was 0 milliseconds ago. The driver has not received any packets from the server.
2021-04-17 15:16:20.973 [restartedMain] INFO  c.alibaba.druid.pool.DruidDataSource[1928]-[] -{dataSource-1} closed
2021-04-17 15:16:21.015 [restartedMain] INFO  o.a.catalina.core.StandardService[180]-[] -Stopping service [Tomcat]
2021-04-17 15:16:21.039 [restartedMain] INFO  o.s.b.a.l.ConditionEvaluationReportLoggingListener[101]-[] -

Error starting ApplicationContext. To display the conditions report re-run your application with 'debug' enabled.
2021-04-17 15:16:21.052 [restartedMain] ERROR o.s.boot.SpringApplication[845]-[] -Application run failed
org.springframework.beans.factory.UnsatisfiedDependencyException: Error creating bean with name 'redisKeyExpirationListener': Unsatisfied dependency expressed through field 'loginService'; nested exception is org.springframework.beans.factory.UnsatisfiedDependencyException: Error creating bean with name 'loginServiceImpl': Unsatisfied dependency expressed through field 'userMapper'; nested exception is org.springframework.beans.factory.UnsatisfiedDependencyException: Error creating bean with name 'userMapper' defined in file [E:\zzl\java\project\projectTemplate\target\classes\com\glch\system\user\mapper\UserMapper.class]: Unsatisfied dependency expressed through bean property 'sqlSessionFactory'; nested exception is org.springframework.beans.factory.BeanCreationException: Error creating bean with name 'sqlSessionFactory' defined in class path resource [com/baomidou/mybatisplus/spring/boot/starter/MybatisPlusAutoConfiguration.class]: Bean instantiation via factory method failed; nested exception is org.springframework.beans.BeanInstantiationException: Failed to instantiate [org.apache.ibatis.session.SqlSessionFactory]: Factory method 'sqlSessionFactory' threw exception; nested exception is com.baomidou.mybatisplus.exceptions.MybatisPlusException: Error: GlobalConfigUtils setMetaData Fail !  Cause:com.mysql.jdbc.exceptions.jdbc4.CommunicationsException: Communications link failure

The last packet sent successfully to the server was 0 milliseconds ago. The driver has not received any packets from the server.
	at org.springframework.beans.factory.annotation.AutowiredAnnotationBeanPostProcessor$AutowiredFieldElement.inject(AutowiredAnnotationBeanPostProcessor.java:586)
	at org.springframework.beans.factory.annotation.InjectionMetadata.inject(InjectionMetadata.java:91)
	at org.springframework.beans.factory.annotation.AutowiredAnnotationBeanPostProcessor.postProcessPropertyValues(AutowiredAnnotationBeanPostProcessor.java:372)
	at org.springframework.beans.factory.support.AbstractAutowireCapableBeanFactory.populateBean(AbstractAutowireCapableBeanFactory.java:1341)
	at org.springframework.beans.factory.support.AbstractAutowireCapableBeanFactory.doCreateBean(AbstractAutowireCapableBeanFactory.java:572)
	at org.springframework.beans.factory.support.AbstractAutowireCapableBeanFactory.createBean(AbstractAutowireCapableBeanFactory.java:495)
	at org.springframework.beans.factory.support.AbstractBeanFactory.lambda$doGetBean$0(AbstractBeanFactory.java:317)
	at org.springframework.beans.factory.support.DefaultSingletonBeanRegistry.getSingleton(DefaultSingletonBeanRegistry.java:222)
	at org.springframework.beans.factory.support.AbstractBeanFactory.doGetBean(AbstractBeanFactory.java:315)
	at org.springframework.beans.factory.support.AbstractBeanFactory.getBean(AbstractBeanFactory.java:199)
	at org.springframework.beans.factory.support.DefaultListableBeanFactory.preInstantiateSingletons(DefaultListableBeanFactory.java:759)
	at org.springframework.context.support.AbstractApplicationContext.finishBeanFactoryInitialization(AbstractApplicationContext.java:869)
	at org.springframework.context.support.AbstractApplicationContext.refresh(AbstractApplicationContext.java:550)
	at org.springframework.boot.web.servlet.context.ServletWebServerApplicationContext.refresh(ServletWebServerApplicationContext.java:140)
	at org.springframework.boot.SpringApplication.refresh(SpringApplication.java:762)
	at org.springframework.boot.SpringApplication.refreshContext(SpringApplication.java:398)
	at org.springframework.boot.SpringApplication.run(SpringApplication.java:330)
	at org.springframework.boot.SpringApplication.run(SpringApplication.java:1258)
	at org.springframework.boot.SpringApplication.run(SpringApplication.java:1246)
	at com.glch.WxServApplication.main(WxServApplication.java:12)
	at sun.reflect.NativeMethodAccessorImpl.invoke0(Native Method)
	at sun.reflect.NativeMethodAccessorImpl.invoke(NativeMethodAccessorImpl.java:62)
	at sun.reflect.DelegatingMethodAccessorImpl.invoke(DelegatingMethodAccessorImpl.java:43)
	at java.lang.reflect.Method.invoke(Method.java:498)
	at org.springframework.boot.devtools.restart.RestartLauncher.run(RestartLauncher.java:49)
Caused by: org.springframework.beans.factory.UnsatisfiedDependencyException: Error creating bean with name 'loginServiceImpl': Unsatisfied dependency expressed through field 'userMapper'; nested exception is org.springframework.beans.factory.UnsatisfiedDependencyException: Error creating bean with name 'userMapper' defined in file [E:\zzl\java\project\projectTemplate\target\classes\com\glch\system\user\mapper\UserMapper.class]: Unsatisfied dependency expressed through bean property 'sqlSessionFactory'; nested exception is org.springframework.beans.factory.BeanCreationException: Error creating bean with name 'sqlSessionFactory' defined in class path resource [com/baomidou/mybatisplus/spring/boot/starter/MybatisPlusAutoConfiguration.class]: Bean instantiation via factory method failed; nested exception is org.springframework.beans.BeanInstantiationException: Failed to instantiate [org.apache.ibatis.session.SqlSessionFactory]: Factory method 'sqlSessionFactory' threw exception; nested exception is com.baomidou.mybatisplus.exceptions.MybatisPlusException: Error: GlobalConfigUtils setMetaData Fail !  Cause:com.mysql.jdbc.exceptions.jdbc4.CommunicationsException: Communications link failure

The last packet sent successfully to the server was 0 milliseconds ago. The driver has not received any packets from the server.
	at org.springframework.beans.factory.annotation.AutowiredAnnotationBeanPostProcessor$AutowiredFieldElement.inject(AutowiredAnnotationBeanPostProcessor.java:586)
	at org.springframework.beans.factory.annotation.InjectionMetadata.inject(InjectionMetadata.java:91)
	at org.springframework.beans.factory.annotation.AutowiredAnnotationBeanPostProcessor.postProcessPropertyValues(AutowiredAnnotationBeanPostProcessor.java:372)
	at org.springframework.beans.factory.support.AbstractAutowireCapableBeanFactory.populateBean(AbstractAutowireCapableBeanFactory.java:1341)
	at org.springframework.beans.factory.support.AbstractAutowireCapableBeanFactory.doCreateBean(AbstractAutowireCapableBeanFactory.java:572)
	at org.springframework.beans.factory.support.AbstractAutowireCapableBeanFactory.createBean(AbstractAutowireCapableBeanFactory.java:495)
	at org.springframework.beans.factory.support.AbstractBeanFactory.lambda$doGetBean$0(AbstractBeanFactory.java:317)
	at org.springframework.beans.factory.support.DefaultSingletonBeanRegistry.getSingleton(DefaultSingletonBeanRegistry.java:222)
	at org.springframework.beans.factory.support.AbstractBeanFactory.doGetBean(AbstractBeanFactory.java:315)
	at org.springframework.beans.factory.support.AbstractBeanFactory.getBean(AbstractBeanFactory.java:199)
	at org.springframework.beans.factory.config.DependencyDescriptor.resolveCandidate(DependencyDescriptor.java:251)
	at org.springframework.beans.factory.support.DefaultListableBeanFactory.doResolveDependency(DefaultListableBeanFactory.java:1135)
	at org.springframework.beans.factory.support.DefaultListableBeanFactory.resolveDependency(DefaultListableBeanFactory.java:1062)
	at org.springframework.beans.factory.annotation.AutowiredAnnotationBeanPostProcessor$AutowiredFieldElement.inject(AutowiredAnnotationBeanPostProcessor.java:583)
	... 24 common frames omitted
Caused by: org.springframework.beans.factory.UnsatisfiedDependencyException: Error creating bean with name 'userMapper' defined in file [E:\zzl\java\project\projectTemplate\target\classes\com\glch\system\user\mapper\UserMapper.class]: Unsatisfied dependency expressed through bean property 'sqlSessionFactory'; nested exception is org.springframework.beans.factory.BeanCreationException: Error creating bean with name 'sqlSessionFactory' defined in class path resource [com/baomidou/mybatisplus/spring/boot/starter/MybatisPlusAutoConfiguration.class]: Bean instantiation via factory method failed; nested exception is org.springframework.beans.BeanInstantiationException: Failed to instantiate [org.apache.ibatis.session.SqlSessionFactory]: Factory method 'sqlSessionFactory' threw exception; nested exception is com.baomidou.mybatisplus.exceptions.MybatisPlusException: Error: GlobalConfigUtils setMetaData Fail !  Cause:com.mysql.jdbc.exceptions.jdbc4.CommunicationsException: Communications link failure

The last packet sent successfully to the server was 0 milliseconds ago. The driver has not received any packets from the server.
	at org.springframework.beans.factory.support.AbstractAutowireCapableBeanFactory.autowireByType(AbstractAutowireCapableBeanFactory.java:1436)
	at org.springframework.beans.factory.support.AbstractAutowireCapableBeanFactory.populateBean(AbstractAutowireCapableBeanFactory.java:1323)
	at org.springframework.beans.factory.support.AbstractAutowireCapableBeanFactory.doCreateBean(AbstractAutowireCapableBeanFactory.java:572)
	at org.springframework.beans.factory.support.AbstractAutowireCapableBeanFactory.createBean(AbstractAutowireCapableBeanFactory.java:495)
	at org.springframework.beans.factory.support.AbstractBeanFactory.lambda$doGetBean$0(AbstractBeanFactory.java:317)
	at org.springframework.beans.factory.support.DefaultSingletonBeanRegistry.getSingleton(DefaultSingletonBeanRegistry.java:222)
	at org.springframework.beans.factory.support.AbstractBeanFactory.doGetBean(AbstractBeanFactory.java:315)
	at org.springframework.beans.factory.support.AbstractBeanFactory.getBean(AbstractBeanFactory.java:199)
	at org.springframework.beans.factory.config.DependencyDescriptor.resolveCandidate(DependencyDescriptor.java:251)
	at org.springframework.beans.factory.support.DefaultListableBeanFactory.doResolveDependency(DefaultListableBeanFactory.java:1135)
	at org.springframework.beans.factory.support.DefaultListableBeanFactory.resolveDependency(DefaultListableBeanFactory.java:1062)
	at org.springframework.beans.factory.annotation.AutowiredAnnotationBeanPostProcessor$AutowiredFieldElement.inject(AutowiredAnnotationBeanPostProcessor.java:583)
	... 37 common frames omitted
Caused by: org.springframework.beans.factory.BeanCreationException: Error creating bean with name 'sqlSessionFactory' defined in class path resource [com/baomidou/mybatisplus/spring/boot/starter/MybatisPlusAutoConfiguration.class]: Bean instantiation via factory method failed; nested exception is org.springframework.beans.BeanInstantiationException: Failed to instantiate [org.apache.ibatis.session.SqlSessionFactory]: Factory method 'sqlSessionFactory' threw exception; nested exception is com.baomidou.mybatisplus.exceptions.MybatisPlusException: Error: GlobalConfigUtils setMetaData Fail !  Cause:com.mysql.jdbc.exceptions.jdbc4.CommunicationsException: Communications link failure

The last packet sent successfully to the server was 0 milliseconds ago. The driver has not received any packets from the server.
	at org.springframework.beans.factory.support.ConstructorResolver.instantiateUsingFactoryMethod(ConstructorResolver.java:590)
	at org.springframework.beans.factory.support.AbstractAutowireCapableBeanFactory.instantiateUsingFactoryMethod(AbstractAutowireCapableBeanFactory.java:1247)
	at org.springframework.beans.factory.support.AbstractAutowireCapableBeanFactory.createBeanInstance(AbstractAutowireCapableBeanFactory.java:1096)
	at org.springframework.beans.factory.support.AbstractAutowireCapableBeanFactory.doCreateBean(AbstractAutowireCapableBeanFactory.java:535)
	at org.springframework.beans.factory.support.AbstractAutowireCapableBeanFactory.createBean(AbstractAutowireCapableBeanFactory.java:495)
	at org.springframework.beans.factory.support.AbstractBeanFactory.lambda$doGetBean$0(AbstractBeanFactory.java:317)
	at org.springframework.beans.factory.support.DefaultSingletonBeanRegistry.getSingleton(DefaultSingletonBeanRegistry.java:222)
	at org.springframework.beans.factory.support.AbstractBeanFactory.doGetBean(AbstractBeanFactory.java:315)
	at org.springframework.beans.factory.support.AbstractBeanFactory.getBean(AbstractBeanFactory.java:199)
	at org.springframework.beans.factory.config.DependencyDescriptor.resolveCandidate(DependencyDescriptor.java:251)
	at org.springframework.beans.factory.support.DefaultListableBeanFactory.doResolveDependency(DefaultListableBeanFactory.java:1135)
	at org.springframework.beans.factory.support.DefaultListableBeanFactory.resolveDependency(DefaultListableBeanFactory.java:1062)
	at org.springframework.beans.factory.support.AbstractAutowireCapableBeanFactory.autowireByType(AbstractAutowireCapableBeanFactory.java:1421)
	... 48 common frames omitted
Caused by: org.springframework.beans.BeanInstantiationException: Failed to instantiate [org.apache.ibatis.session.SqlSessionFactory]: Factory method 'sqlSessionFactory' threw exception; nested exception is com.baomidou.mybatisplus.exceptions.MybatisPlusException: Error: GlobalConfigUtils setMetaData Fail !  Cause:com.mysql.jdbc.exceptions.jdbc4.CommunicationsException: Communications link failure

The last packet sent successfully to the server was 0 milliseconds ago. The driver has not received any packets from the server.
	at org.springframework.beans.factory.support.SimpleInstantiationStrategy.instantiate(SimpleInstantiationStrategy.java:185)
	at org.springframework.beans.factory.support.ConstructorResolver.instantiateUsingFactoryMethod(ConstructorResolver.java:582)
	... 60 common frames omitted
Caused by: com.baomidou.mybatisplus.exceptions.MybatisPlusException: Error: GlobalConfigUtils setMetaData Fail !  Cause:com.mysql.jdbc.exceptions.jdbc4.CommunicationsException: Communications link failure

The last packet sent successfully to the server was 0 milliseconds ago. The driver has not received any packets from the server.
	at com.baomidou.mybatisplus.toolkit.GlobalConfigUtils.setMetaData(GlobalConfigUtils.java:196)
	at com.baomidou.mybatisplus.spring.MybatisSqlSessionFactoryBean.buildSqlSessionFactory(MybatisSqlSessionFactoryBean.java:560)
	at com.baomidou.mybatisplus.spring.MybatisSqlSessionFactoryBean.afterPropertiesSet(MybatisSqlSessionFactoryBean.java:385)
	at com.baomidou.mybatisplus.spring.MybatisSqlSessionFactoryBean.getObject(MybatisSqlSessionFactoryBean.java:608)
	at com.baomidou.mybatisplus.spring.boot.starter.MybatisPlusAutoConfiguration.sqlSessionFactory(MybatisPlusAutoConfiguration.java:147)
	at com.baomidou.mybatisplus.spring.boot.starter.MybatisPlusAutoConfiguration$$EnhancerBySpringCGLIB$$249abfee.CGLIB$sqlSessionFactory$0(<generated>)
	at com.baomidou.mybatisplus.spring.boot.starter.MybatisPlusAutoConfiguration$$EnhancerBySpringCGLIB$$249abfee$$FastClassBySpringCGLIB$$69e3cf2f.invoke(<generated>)
	at org.springframework.cglib.proxy.MethodProxy.invokeSuper(MethodProxy.java:228)
	at org.springframework.context.annotation.ConfigurationClassEnhancer$BeanMethodInterceptor.intercept(ConfigurationClassEnhancer.java:361)
	at com.baomidou.mybatisplus.spring.boot.starter.MybatisPlusAutoConfiguration$$EnhancerBySpringCGLIB$$249abfee.sqlSessionFactory(<generated>)
	at sun.reflect.NativeMethodAccessorImpl.invoke0(Native Method)
	at sun.reflect.NativeMethodAccessorImpl.invoke(NativeMethodAccessorImpl.java:62)
	at sun.reflect.DelegatingMethodAccessorImpl.invoke(DelegatingMethodAccessorImpl.java:43)
	at java.lang.reflect.Method.invoke(Method.java:498)
	at org.springframework.beans.factory.support.SimpleInstantiationStrategy.instantiate(SimpleInstantiationStrategy.java:154)
	... 61 common frames omitted
2021-04-17 15:19:33.639 [restartedMain] INFO  com.glch.WxServApplication[50]-[] -Starting WxServApplication on MS-QENFPQRDNSFR with PID 5960 (E:\zzl\java\project\projectTemplate\target\classes started by Administrator in E:\zzl\java\project\projectTemplate)
2021-04-17 15:19:33.643 [restartedMain] INFO  com.glch.WxServApplication[666]-[] -The following profiles are active: wx_serv,dev
2021-04-17 15:19:33.701 [restartedMain] INFO  o.s.b.w.s.c.AnnotationConfigServletWebServerApplicationContext[590]-[] -Refreshing org.springframework.boot.web.servlet.context.AnnotationConfigServletWebServerApplicationContext@41438e34: startup date [Sat Apr 17 15:19:33 CST 2021]; root of context hierarchy
2021-04-17 15:19:36.171 [restartedMain] INFO  o.s.d.r.c.RepositoryConfigurationDelegate[163]-[] -Multiple Spring Data modules found, entering strict repository configuration mode!
2021-04-17 15:19:36.845 [restartedMain] INFO  o.s.b.f.a.AutowiredAnnotationBeanPostProcessor[153]-[] -JSR-330 'javax.inject.Inject' annotation found and supported for autowiring
2021-04-17 15:19:37.160 [restartedMain] INFO  o.s.c.s.PostProcessorRegistrationDelegate$BeanPostProcessorChecker[326]-[] -Bean 'org.springframework.transaction.annotation.ProxyTransactionManagementConfiguration' of type [org.springframework.transaction.annotation.ProxyTransactionManagementConfiguration$$EnhancerBySpringCGLIB$$bc0f6a8a] is not eligible for getting processed by all BeanPostProcessors (for example: not eligible for auto-proxying)
2021-04-17 15:19:38.418 [restartedMain] INFO  o.s.b.w.e.tomcat.TomcatWebServer[91]-[] -Tomcat initialized with port(s): 9089 (http)
2021-04-17 15:19:38.442 [restartedMain] INFO  o.a.coyote.http11.Http11NioProtocol[180]-[] -Initializing ProtocolHandler ["http-nio-9089"]
2021-04-17 15:19:38.468 [restartedMain] INFO  o.a.catalina.core.StandardService[180]-[] -Starting service [Tomcat]
2021-04-17 15:19:38.469 [restartedMain] INFO  o.a.catalina.core.StandardEngine[180]-[] -Starting Servlet Engine: Apache Tomcat/8.5.32
2021-04-17 15:19:38.476 [localhost-startStop-1] INFO  o.a.c.core.AprLifecycleListener[180]-[] -The APR based Apache Tomcat Native library which allows optimal performance in production environments was not found on the java.library.path: [D:\java\jdk\bin;C:\Windows\Sun\Java\bin;C:\Windows\system32;C:\Windows;D:\mysoft\bin\;C:\Windows\system32;C:\Windows;C:\Windows\System32\Wbem;C:\Windows\System32\WindowsPowerShell\v1.0\;C:\Windows\System32\OpenSSH\;D:\mysoft\Git\cmd;C:\Users\Administrator\AppData\Local\Microsoft\WindowsApps;;D:\mysoft;.]
2021-04-17 15:19:38.794 [localhost-startStop-1] INFO  o.a.c.c.C.[Tomcat].[localhost].[/][180]-[] -Initializing Spring embedded WebApplicationContext
2021-04-17 15:19:38.794 [localhost-startStop-1] INFO  o.s.web.context.ContextLoader[285]-[] -Root WebApplicationContext: initialization completed in 5093 ms
2021-04-17 15:19:38.988 [localhost-startStop-1] INFO  o.s.b.w.s.ServletRegistrationBean[187]-[] -Servlet dispatcherServlet mapped to [/]
2021-04-17 15:19:38.998 [localhost-startStop-1] INFO  o.s.b.w.s.FilterRegistrationBean[245]-[] -Mapping filter: 'characterEncodingFilter' to: [/*]
2021-04-17 15:19:38.999 [localhost-startStop-1] INFO  o.s.b.w.s.FilterRegistrationBean[245]-[] -Mapping filter: 'hiddenHttpMethodFilter' to: [/*]
2021-04-17 15:19:39.000 [localhost-startStop-1] INFO  o.s.b.w.s.FilterRegistrationBean[245]-[] -Mapping filter: 'httpPutFormContentFilter' to: [/*]
2021-04-17 15:19:39.000 [localhost-startStop-1] INFO  o.s.b.w.s.FilterRegistrationBean[245]-[] -Mapping filter: 'requestContextFilter' to: [/*]
2021-04-17 15:19:41.329 [restartedMain] INFO  c.alibaba.druid.pool.DruidDataSource[991]-[] -{dataSource-1} inited
2021-04-17 15:19:42.151 [restartedMain] INFO  io.lettuce.core.EpollProvider[101]-[] -Starting without optional epoll library
2021-04-17 15:19:42.158 [restartedMain] INFO  io.lettuce.core.KqueueProvider[101]-[] -Starting without optional kqueue library
2021-04-17 15:19:44.880 [restartedMain] WARN  o.s.b.w.s.c.AnnotationConfigServletWebServerApplicationContext[558]-[] -Exception encountered during context initialization - cancelling refresh attempt: org.springframework.beans.factory.BeanCreationException: Error creating bean with name 'redisKeyExpirationListener' defined in file [E:\zzl\java\project\projectTemplate\target\classes\com\glch\base\config\redis\RedisKeyExpirationListener.class]: Invocation of init method failed; nested exception is org.springframework.data.redis.RedisConnectionFailureException: Unable to connect to Redis; nested exception is io.lettuce.core.RedisConnectionException: Unable to connect to 127.0.0.1:6379
2021-04-17 15:19:44.903 [restartedMain] INFO  c.alibaba.druid.pool.DruidDataSource[1928]-[] -{dataSource-1} closed
2021-04-17 15:19:46.043 [restartedMain] INFO  o.a.catalina.core.StandardService[180]-[] -Stopping service [Tomcat]
2021-04-17 15:19:46.066 [restartedMain] INFO  o.s.b.a.l.ConditionEvaluationReportLoggingListener[101]-[] -

Error starting ApplicationContext. To display the conditions report re-run your application with 'debug' enabled.
2021-04-17 15:19:46.079 [restartedMain] ERROR o.s.boot.SpringApplication[845]-[] -Application run failed
org.springframework.beans.factory.BeanCreationException: Error creating bean with name 'redisKeyExpirationListener' defined in file [E:\zzl\java\project\projectTemplate\target\classes\com\glch\base\config\redis\RedisKeyExpirationListener.class]: Invocation of init method failed; nested exception is org.springframework.data.redis.RedisConnectionFailureException: Unable to connect to Redis; nested exception is io.lettuce.core.RedisConnectionException: Unable to connect to 127.0.0.1:6379
	at org.springframework.beans.factory.support.AbstractAutowireCapableBeanFactory.initializeBean(AbstractAutowireCapableBeanFactory.java:1699)
	at org.springframework.beans.factory.support.AbstractAutowireCapableBeanFactory.doCreateBean(AbstractAutowireCapableBeanFactory.java:573)
	at org.springframework.beans.factory.support.AbstractAutowireCapableBeanFactory.createBean(AbstractAutowireCapableBeanFactory.java:495)
	at org.springframework.beans.factory.support.AbstractBeanFactory.lambda$doGetBean$0(AbstractBeanFactory.java:317)
	at org.springframework.beans.factory.support.DefaultSingletonBeanRegistry.getSingleton(DefaultSingletonBeanRegistry.java:222)
	at org.springframework.beans.factory.support.AbstractBeanFactory.doGetBean(AbstractBeanFactory.java:315)
	at org.springframework.beans.factory.support.AbstractBeanFactory.getBean(AbstractBeanFactory.java:199)
	at org.springframework.beans.factory.support.DefaultListableBeanFactory.preInstantiateSingletons(DefaultListableBeanFactory.java:759)
	at org.springframework.context.support.AbstractApplicationContext.finishBeanFactoryInitialization(AbstractApplicationContext.java:869)
	at org.springframework.context.support.AbstractApplicationContext.refresh(AbstractApplicationContext.java:550)
	at org.springframework.boot.web.servlet.context.ServletWebServerApplicationContext.refresh(ServletWebServerApplicationContext.java:140)
	at org.springframework.boot.SpringApplication.refresh(SpringApplication.java:762)
	at org.springframework.boot.SpringApplication.refreshContext(SpringApplication.java:398)
	at org.springframework.boot.SpringApplication.run(SpringApplication.java:330)
	at org.springframework.boot.SpringApplication.run(SpringApplication.java:1258)
	at org.springframework.boot.SpringApplication.run(SpringApplication.java:1246)
	at com.glch.WxServApplication.main(WxServApplication.java:12)
	at sun.reflect.NativeMethodAccessorImpl.invoke0(Native Method)
	at sun.reflect.NativeMethodAccessorImpl.invoke(NativeMethodAccessorImpl.java:62)
	at sun.reflect.DelegatingMethodAccessorImpl.invoke(DelegatingMethodAccessorImpl.java:43)
	at java.lang.reflect.Method.invoke(Method.java:498)
	at org.springframework.boot.devtools.restart.RestartLauncher.run(RestartLauncher.java:49)
Caused by: org.springframework.data.redis.RedisConnectionFailureException: Unable to connect to Redis; nested exception is io.lettuce.core.RedisConnectionException: Unable to connect to 127.0.0.1:6379
	at org.springframework.data.redis.connection.lettuce.LettuceConnectionFactory$SharedConnection.getNativeConnection(LettuceConnectionFactory.java:966)
	at org.springframework.data.redis.connection.lettuce.LettuceConnectionFactory$SharedConnection.getConnection(LettuceConnectionFactory.java:934)
	at org.springframework.data.redis.connection.lettuce.LettuceConnectionFactory.getSharedConnection(LettuceConnectionFactory.java:786)
	at org.springframework.data.redis.connection.lettuce.LettuceConnectionFactory.getConnection(LettuceConnectionFactory.java:300)
	at org.springframework.data.redis.listener.KeyspaceEventMessageListener.init(KeyspaceEventMessageListener.java:85)
	at org.springframework.data.redis.listener.KeyspaceEventMessageListener.afterPropertiesSet(KeyspaceEventMessageListener.java:137)
	at org.springframework.beans.factory.support.AbstractAutowireCapableBeanFactory.invokeInitMethods(AbstractAutowireCapableBeanFactory.java:1758)
	at org.springframework.beans.factory.support.AbstractAutowireCapableBeanFactory.initializeBean(AbstractAutowireCapableBeanFactory.java:1695)
	... 21 common frames omitted
Caused by: io.lettuce.core.RedisConnectionException: Unable to connect to 127.0.0.1:6379
	at io.lettuce.core.RedisConnectionException.create(RedisConnectionException.java:56)
	at io.lettuce.core.AbstractRedisClient.getConnection(AbstractRedisClient.java:233)
	at io.lettuce.core.RedisClient.connectStandalone(RedisClient.java:253)
	at io.lettuce.core.RedisClient.connect(RedisClient.java:202)
	at org.springframework.data.redis.connection.lettuce.StandaloneConnectionProvider.getConnection(StandaloneConnectionProvider.java:56)
	at org.springframework.data.redis.connection.lettuce.LettuceConnectionFactory$SharedConnection.getNativeConnection(LettuceConnectionFactory.java:959)
	... 28 common frames omitted
Caused by: io.netty.channel.AbstractChannel$AnnotatedConnectException: Connection refused: no further information: /127.0.0.1:6379
	at sun.nio.ch.SocketChannelImpl.checkConnect(Native Method)
	at sun.nio.ch.SocketChannelImpl.finishConnect(SocketChannelImpl.java:715)
	at io.netty.channel.socket.nio.NioSocketChannel.doFinishConnect(NioSocketChannel.java:325)
	at io.netty.channel.nio.AbstractNioChannel$AbstractNioUnsafe.finishConnect(AbstractNioChannel.java:340)
	at io.netty.channel.nio.NioEventLoop.processSelectedKey(NioEventLoop.java:634)
	at io.netty.channel.nio.NioEventLoop.processSelectedKeysOptimized(NioEventLoop.java:581)
	at io.netty.channel.nio.NioEventLoop.processSelectedKeys(NioEventLoop.java:498)
	at io.netty.channel.nio.NioEventLoop.run(NioEventLoop.java:460)
	at io.netty.util.concurrent.SingleThreadEventExecutor$5.run(SingleThreadEventExecutor.java:884)
	at io.netty.util.concurrent.FastThreadLocalRunnable.run(FastThreadLocalRunnable.java:30)
	at java.lang.Thread.run(Thread.java:748)
Caused by: java.net.ConnectException: Connection refused: no further information
	... 11 common frames omitted
2021-04-17 15:21:31.267 [restartedMain] INFO  com.glch.WxServApplication[50]-[] -Starting WxServApplication on MS-QENFPQRDNSFR with PID 13748 (E:\zzl\java\project\projectTemplate\target\classes started by Administrator in E:\zzl\java\project\projectTemplate)
2021-04-17 15:21:31.271 [restartedMain] INFO  com.glch.WxServApplication[666]-[] -The following profiles are active: wx_serv,dev
2021-04-17 15:21:31.337 [restartedMain] INFO  o.s.b.w.s.c.AnnotationConfigServletWebServerApplicationContext[590]-[] -Refreshing org.springframework.boot.web.servlet.context.AnnotationConfigServletWebServerApplicationContext@7b032dd8: startup date [Sat Apr 17 15:21:31 CST 2021]; root of context hierarchy
2021-04-17 15:21:33.681 [restartedMain] INFO  o.s.d.r.c.RepositoryConfigurationDelegate[163]-[] -Multiple Spring Data modules found, entering strict repository configuration mode!
2021-04-17 15:21:34.346 [restartedMain] INFO  o.s.b.f.a.AutowiredAnnotationBeanPostProcessor[153]-[] -JSR-330 'javax.inject.Inject' annotation found and supported for autowiring
2021-04-17 15:21:34.644 [restartedMain] INFO  o.s.c.s.PostProcessorRegistrationDelegate$BeanPostProcessorChecker[326]-[] -Bean 'org.springframework.transaction.annotation.ProxyTransactionManagementConfiguration' of type [org.springframework.transaction.annotation.ProxyTransactionManagementConfiguration$$EnhancerBySpringCGLIB$$723d387e] is not eligible for getting processed by all BeanPostProcessors (for example: not eligible for auto-proxying)
2021-04-17 15:21:35.962 [restartedMain] INFO  o.s.b.w.e.tomcat.TomcatWebServer[91]-[] -Tomcat initialized with port(s): 9089 (http)
2021-04-17 15:21:35.990 [restartedMain] INFO  o.a.coyote.http11.Http11NioProtocol[180]-[] -Initializing ProtocolHandler ["http-nio-9089"]
2021-04-17 15:21:36.011 [restartedMain] INFO  o.a.catalina.core.StandardService[180]-[] -Starting service [Tomcat]
2021-04-17 15:21:36.012 [restartedMain] INFO  o.a.catalina.core.StandardEngine[180]-[] -Starting Servlet Engine: Apache Tomcat/8.5.32
2021-04-17 15:21:36.019 [localhost-startStop-1] INFO  o.a.c.core.AprLifecycleListener[180]-[] -The APR based Apache Tomcat Native library which allows optimal performance in production environments was not found on the java.library.path: [D:\java\jdk\bin;C:\Windows\Sun\Java\bin;C:\Windows\system32;C:\Windows;D:\mysoft\bin\;C:\Windows\system32;C:\Windows;C:\Windows\System32\Wbem;C:\Windows\System32\WindowsPowerShell\v1.0\;C:\Windows\System32\OpenSSH\;D:\mysoft\Git\cmd;C:\Users\Administrator\AppData\Local\Microsoft\WindowsApps;;D:\mysoft;.]
2021-04-17 15:21:36.336 [localhost-startStop-1] INFO  o.a.c.c.C.[Tomcat].[localhost].[/][180]-[] -Initializing Spring embedded WebApplicationContext
2021-04-17 15:21:36.337 [localhost-startStop-1] INFO  o.s.web.context.ContextLoader[285]-[] -Root WebApplicationContext: initialization completed in 5000 ms
2021-04-17 15:21:36.547 [localhost-startStop-1] INFO  o.s.b.w.s.ServletRegistrationBean[187]-[] -Servlet dispatcherServlet mapped to [/]
2021-04-17 15:21:36.559 [localhost-startStop-1] INFO  o.s.b.w.s.FilterRegistrationBean[245]-[] -Mapping filter: 'characterEncodingFilter' to: [/*]
2021-04-17 15:21:36.560 [localhost-startStop-1] INFO  o.s.b.w.s.FilterRegistrationBean[245]-[] -Mapping filter: 'hiddenHttpMethodFilter' to: [/*]
2021-04-17 15:21:36.561 [localhost-startStop-1] INFO  o.s.b.w.s.FilterRegistrationBean[245]-[] -Mapping filter: 'httpPutFormContentFilter' to: [/*]
2021-04-17 15:21:36.561 [localhost-startStop-1] INFO  o.s.b.w.s.FilterRegistrationBean[245]-[] -Mapping filter: 'requestContextFilter' to: [/*]
2021-04-17 15:21:38.666 [restartedMain] INFO  c.alibaba.druid.pool.DruidDataSource[991]-[] -{dataSource-1} inited
2021-04-17 15:21:41.142 [restartedMain] INFO  o.s.w.s.m.m.a.RequestMappingHandlerMapping[547]-[] -Mapped "{[/base/EnumsController/listEnums]}" onto public java.util.List com.glch.base.controller.EnumsController.listEnums(javax.servlet.http.HttpServletRequest) throws java.lang.Exception
2021-04-17 15:21:41.144 [restartedMain] INFO  o.s.w.s.m.m.a.RequestMappingHandlerMapping[547]-[] -Mapped "{[/test]}" onto public java.util.Map<java.lang.String, java.lang.Object> com.glch.base.controller.TestController.test(javax.servlet.http.HttpServletRequest) throws java.lang.Exception
2021-04-17 15:21:41.145 [restartedMain] INFO  o.s.w.s.m.m.a.RequestMappingHandlerMapping[547]-[] -Mapped "{[/testList]}" onto public java.util.Map<java.lang.String, java.lang.Object> com.glch.base.controller.TestController.testList(javax.servlet.http.HttpServletRequest) throws java.lang.Exception
2021-04-17 15:21:41.147 [restartedMain] INFO  o.s.w.s.m.m.a.RequestMappingHandlerMapping[547]-[] -Mapped "{[/log/logSystem/exportLogSystem],methods=[POST]}" onto public com.glch.base.common.JsonResponse com.glch.log.controller.LogSystemController.exportLogSystem(javax.servlet.http.HttpServletResponse,com.glch.log.entity.LogSystem,java.lang.String,java.lang.String,java.lang.String) throws java.lang.Exception
2021-04-17 15:21:41.147 [restartedMain] INFO  o.s.w.s.m.m.a.RequestMappingHandlerMapping[547]-[] -Mapped "{[/log/logSystem/getLogSystemList],methods=[POST]}" onto public com.glch.base.common.JsonResponse com.glch.log.controller.LogSystemController.getLogSystemList(javax.servlet.http.HttpServletRequest,com.glch.log.entity.vo.LogSystemVo,java.lang.String,java.lang.String) throws java.lang.Exception
2021-04-17 15:21:41.149 [restartedMain] INFO  o.s.w.s.m.m.a.RequestMappingHandlerMapping[547]-[] -Mapped "{[/logUserOpt/getLogUserOptList],methods=[POST]}" onto public com.glch.base.common.JsonResponse com.glch.log.controller.LogUserOptController.getLogUserOptList(javax.servlet.http.HttpServletRequest,com.glch.log.entity.vo.LogUserOptVo,java.lang.String,java.lang.String) throws java.lang.Exception
2021-04-17 15:21:41.150 [restartedMain] INFO  o.s.w.s.m.m.a.RequestMappingHandlerMapping[547]-[] -Mapped "{[/logUserOpt/exportLogUserOpt],methods=[POST]}" onto public com.glch.base.common.JsonResponse com.glch.log.controller.LogUserOptController.exportLogUserOpt(javax.servlet.http.HttpServletResponse,com.glch.log.entity.LogUserOpt,java.lang.String,java.lang.String,java.lang.String) throws java.lang.Exception
2021-04-17 15:21:41.152 [restartedMain] INFO  o.s.w.s.m.m.a.RequestMappingHandlerMapping[547]-[] -Mapped "{[/login/checkLogin],methods=[POST]}" onto public com.glch.base.common.JsonResponse com.glch.login.controller.LoginController.checkLogin(javax.servlet.http.HttpServletRequest,com.glch.login.entity.vo.LoginVo)
2021-04-17 15:21:41.153 [restartedMain] INFO  o.s.w.s.m.m.a.RequestMappingHandlerMapping[547]-[] -Mapped "{[/login/logout],methods=[POST]}" onto public com.glch.base.common.JsonResponse com.glch.login.controller.LoginController.logout(javax.servlet.http.HttpServletRequest)
2021-04-17 15:21:41.154 [restartedMain] INFO  o.s.w.s.m.m.a.RequestMappingHandlerMapping[547]-[] -Mapped "{[/login/checkOnline],methods=[POST]}" onto public com.glch.base.common.JsonResponse com.glch.login.controller.LoginController.checkOnline(javax.servlet.http.HttpServletRequest)
2021-04-17 15:21:41.160 [restartedMain] INFO  o.s.w.s.m.m.a.RequestMappingHandlerMapping[547]-[] -Mapped "{[/swagger-resources/configuration/security]}" onto public org.springframework.http.ResponseEntity<springfox.documentation.swagger.web.SecurityConfiguration> springfox.documentation.swagger.web.ApiResourceController.securityConfiguration()
2021-04-17 15:21:41.162 [restartedMain] INFO  o.s.w.s.m.m.a.RequestMappingHandlerMapping[547]-[] -Mapped "{[/swagger-resources]}" onto public org.springframework.http.ResponseEntity<java.util.List<springfox.documentation.swagger.web.SwaggerResource>> springfox.documentation.swagger.web.ApiResourceController.swaggerResources()
2021-04-17 15:21:41.163 [restartedMain] INFO  o.s.w.s.m.m.a.RequestMappingHandlerMapping[547]-[] -Mapped "{[/swagger-resources/configuration/ui]}" onto public org.springframework.http.ResponseEntity<springfox.documentation.swagger.web.UiConfiguration> springfox.documentation.swagger.web.ApiResourceController.uiConfiguration()
2021-04-17 15:21:41.168 [restartedMain] INFO  o.s.w.s.m.m.a.RequestMappingHandlerMapping[547]-[] -Mapped "{[/error]}" onto public org.springframework.http.ResponseEntity<java.util.Map<java.lang.String, java.lang.Object>> org.springframework.boot.autoconfigure.web.servlet.error.BasicErrorController.error(javax.servlet.http.HttpServletRequest)
2021-04-17 15:21:41.169 [restartedMain] INFO  o.s.w.s.m.m.a.RequestMappingHandlerMapping[547]-[] -Mapped "{[/error],produces=[text/html]}" onto public org.springframework.web.servlet.ModelAndView org.springframework.boot.autoconfigure.web.servlet.error.BasicErrorController.errorHtml(javax.servlet.http.HttpServletRequest,javax.servlet.http.HttpServletResponse)
2021-04-17 15:21:41.629 [restartedMain] INFO  s.d.s.w.PropertySourcedRequestMappingHandlerMapping[69]-[] -Mapped URL path [/v2/api-docs] onto method [public org.springframework.http.ResponseEntity<springfox.documentation.spring.web.json.Json> springfox.documentation.swagger2.web.Swagger2Controller.getDocumentation(java.lang.String,javax.servlet.http.HttpServletRequest)]
2021-04-17 15:21:41.816 [restartedMain] INFO  o.s.w.s.h.SimpleUrlHandlerMapping[373]-[] -Mapped URL path [/**/favicon.ico] onto handler of type [class org.springframework.web.servlet.resource.ResourceHttpRequestHandler]
2021-04-17 15:21:42.258 [restartedMain] INFO  o.s.w.s.m.m.a.RequestMappingHandlerAdapter[574]-[] -Looking for @ControllerAdvice: org.springframework.boot.web.servlet.context.AnnotationConfigServletWebServerApplicationContext@7b032dd8: startup date [Sat Apr 17 15:21:31 CST 2021]; root of context hierarchy
2021-04-17 15:21:42.277 [restartedMain] INFO  o.s.w.s.m.m.a.RequestMappingHandlerAdapter[610]-[] -Detected ResponseBodyAdvice bean in responseAdvice
2021-04-17 15:21:42.378 [restartedMain] INFO  o.s.w.s.h.SimpleUrlHandlerMapping[373]-[] -Mapped URL path [/webjars/**] onto handler of type [class org.springframework.web.servlet.resource.ResourceHttpRequestHandler]
2021-04-17 15:21:42.379 [restartedMain] INFO  o.s.w.s.h.SimpleUrlHandlerMapping[373]-[] -Mapped URL path [/**] onto handler of type [class org.springframework.web.servlet.resource.ResourceHttpRequestHandler]
2021-04-17 15:21:42.379 [restartedMain] INFO  o.s.w.s.h.SimpleUrlHandlerMapping[373]-[] -Mapped URL path [/swagger-ui.html] onto handler of type [class org.springframework.web.servlet.resource.ResourceHttpRequestHandler]
2021-04-17 15:21:42.418 [restartedMain] INFO  o.s.w.s.m.m.a.ExceptionHandlerExceptionResolver[288]-[] -Detected @ExceptionHandler methods in customInterceptAdvice
2021-04-17 15:21:42.419 [restartedMain] INFO  o.s.w.s.m.m.a.ExceptionHandlerExceptionResolver[294]-[] -Detected ResponseBodyAdvice implementation in responseAdvice
2021-04-17 15:21:43.397 [restartedMain] INFO  o.s.u.f.SpringTemplateLoader[62]-[] -SpringTemplateLoader for FreeMarker: using resource loader [org.springframework.boot.web.servlet.context.AnnotationConfigServletWebServerApplicationContext@7b032dd8: startup date [Sat Apr 17 15:21:31 CST 2021]; root of context hierarchy] and template loader path [classpath:/templates/]
2021-04-17 15:21:43.399 [restartedMain] INFO  o.s.w.s.v.f.FreeMarkerConfigurer[131]-[] -ClassTemplateLoader for Spring macros added to FreeMarker configuration
2021-04-17 15:21:43.818 [restartedMain] INFO  o.s.b.d.a.OptionalLiveReloadServer[57]-[] -LiveReload server is running on port 35729
2021-04-17 15:21:43.919 [restartedMain] INFO  o.s.j.e.a.AnnotationMBeanExporter[433]-[] -Registering beans for JMX exposure on startup
2021-04-17 15:21:43.921 [restartedMain] INFO  o.s.j.e.a.AnnotationMBeanExporter[895]-[] -Bean with name 'masterDataSource' has been autodetected for JMX exposure
2021-04-17 15:21:43.922 [restartedMain] INFO  o.s.j.e.a.AnnotationMBeanExporter[895]-[] -Bean with name 'hiveDataSource' has been autodetected for JMX exposure
2021-04-17 15:21:43.922 [restartedMain] INFO  o.s.j.e.a.AnnotationMBeanExporter[895]-[] -Bean with name 'storageDataSource' has been autodetected for JMX exposure
2021-04-17 15:21:43.936 [restartedMain] INFO  o.s.j.e.a.AnnotationMBeanExporter[668]-[] -Located MBean 'masterDataSource': registering with JMX server as MBean [com.alibaba.druid.spring.boot.autoconfigure:name=masterDataSource,type=DruidDataSourceWrapper]
2021-04-17 15:21:43.938 [restartedMain] INFO  o.s.j.e.a.AnnotationMBeanExporter[668]-[] -Located MBean 'storageDataSource': registering with JMX server as MBean [com.alibaba.druid.spring.boot.autoconfigure:name=storageDataSource,type=DruidDataSourceWrapper]
2021-04-17 15:21:43.939 [restartedMain] INFO  o.s.j.e.a.AnnotationMBeanExporter[668]-[] -Located MBean 'hiveDataSource': registering with JMX server as MBean [com.alibaba.druid.spring.boot.autoconfigure:name=hiveDataSource,type=DruidDataSourceWrapper]
2021-04-17 15:21:43.945 [restartedMain] INFO  o.s.c.s.DefaultLifecycleProcessor[351]-[] -Starting beans in phase 2147483647
2021-04-17 15:21:43.946 [restartedMain] INFO  s.d.s.w.p.DocumentationPluginsBootstrapper[160]-[] -Context refreshed
2021-04-17 15:21:43.976 [restartedMain] INFO  s.d.s.w.p.DocumentationPluginsBootstrapper[163]-[] -Found 1 custom documentation plugin(s)
2021-04-17 15:21:44.033 [restartedMain] INFO  s.d.s.w.s.ApiListingReferenceScanner[41]-[] -Scanning for api listing references
2021-04-17 15:21:44.343 [restartedMain] INFO  o.s.s.a.ScheduledAnnotationBeanPostProcessor[275]-[] -No TaskScheduler/ScheduledExecutorService bean found for scheduled processing
2021-04-17 15:21:44.354 [restartedMain] INFO  o.a.coyote.http11.Http11NioProtocol[180]-[] -Starting ProtocolHandler ["http-nio-9089"]
2021-04-17 15:21:44.370 [restartedMain] INFO  o.a.tomcat.util.net.NioSelectorPool[180]-[] -Using a shared selector for servlet write/read
2021-04-17 15:21:44.398 [restartedMain] INFO  o.s.b.w.e.tomcat.TomcatWebServer[206]-[] -Tomcat started on port(s): 9089 (http) with context path ''
2021-04-17 15:21:44.406 [restartedMain] INFO  com.glch.WxServApplication[59]-[] -Started WxServApplication in 13.686 seconds (JVM running for 15.589)
